[2019-12-07 19:44:57] [SEVERE ] BAD WINDOW: Window Nr-0: windowStats.runTimeWindow+=0 
[2019-12-07 19:44:57] [SEVERE ] BAD WINDOW: Window Nr-1: windowStats.runTimeWindow+=0 
[2019-12-07 19:44:57] [SEVERE ] BAD WINDOW: Window Nr-2: windowStats.runTimeWindow+=0 
[2019-12-07 19:44:57] [SEVERE ] BAD WINDOW: Window Nr-3: windowStats.runTimeWindow+=0 
[2019-12-07 19:44:57] [SEVERE ] BAD WINDOW: Window Nr-4: windowStats.runTimeWindow+=0 
[2019-12-07 19:44:57] [SEVERE ] BAD WINDOW: Window Nr-5: windowStats.runTimeWindow+=0 
[2019-12-07 19:44:57] [SEVERE ] BAD WINDOW: Window Nr-6: windowStats.runTimeWindow+=0 
[2019-12-07 19:44:57] [SEVERE ] BAD WINDOW: Window Nr-7: windowStats.runTimeWindow+=0 
[2019-12-07 19:44:57] [SEVERE ] BAD WINDOW: Window Nr-8: windowStats.runTimeWindow+=0 
[2019-12-07 19:44:57] [SEVERE ] BAD WINDOW: Window Nr-9: windowStats.runTimeWindow+=0 
[2019-12-07 19:44:57] [SEVERE ] BAD WINDOW: Window Nr-10: windowStats.runTimeWindow+=0 
[2019-12-07 19:44:57] [SEVERE ] BAD WINDOW: Window Nr-11: windowStats.runTimeWindow+=0 
[2019-12-07 19:44:57] [SEVERE ] BAD WINDOW: Window Nr-12: windowStats.runTimeWindow+=0 
[2019-12-07 19:44:57] [SEVERE ] BAD WINDOW: Window Nr-13: windowStats.runTimeWindow+=0 
[2019-12-07 19:44:57] [SEVERE ] BAD WINDOW: Window Nr-14: windowStats.runTimeWindow+=0 
[2019-12-07 19:44:57] [SEVERE ] BAD WINDOW: Window Nr-15: windowStats.runTimeWindow+=0 
[2019-12-07 19:44:57] [SEVERE ] BAD WINDOW: Window Nr-16: windowStats.runTimeWindow+=0 
[2019-12-07 19:44:57] [SEVERE ] BAD WINDOW: Window Nr-17: windowStats.runTimeWindow+=0 
[2019-12-07 19:44:57] [SEVERE ] BAD WINDOW: Window Nr-18: windowStats.runTimeWindow+=0 
[2019-12-07 19:44:57] [SEVERE ] BAD WINDOW: Window Nr-19: windowStats.runTimeWindow+=0 
[2019-12-07 19:44:57] [SEVERE ] BAD WINDOW: Window Nr-20: windowStats.runTimeWindow+=0 
[2019-12-07 19:44:57] [SEVERE ] BAD WINDOW: Window Nr-21: windowStats.runTimeWindow+=0 
[2019-12-07 19:44:57] [SEVERE ] BAD WINDOW: Window Nr-22: windowStats.runTimeWindow+=0 
[2019-12-07 19:44:57] [SEVERE ] BAD WINDOW: Window Nr-23: windowStats.runTimeWindow+=0 
[2019-12-07 19:44:57] [SEVERE ] BAD WINDOW: Window Nr-24: windowStats.runTimeWindow+=0 
[2019-12-07 19:44:57] [SEVERE ] BAD WINDOW: Window Nr-25: windowStats.runTimeWindow+=0 
[2019-12-07 19:44:57] [SEVERE ] BAD WINDOW: Window Nr-26: windowStats.runTimeWindow+=0 
[2019-12-07 19:44:57] [SEVERE ] BAD WINDOW: Window Nr-27: windowStats.runTimeWindow+=0 
[2019-12-07 19:44:57] [SEVERE ] BAD WINDOW: Window Nr-28: windowStats.runTimeWindow+=0 
[2019-12-07 19:44:57] [SEVERE ] BAD WINDOW: Window Nr-29: windowStats.runTimeWindow+=0 
[2019-12-07 19:44:57] [SEVERE ] BAD WINDOW: Window Nr-30: windowStats.runTimeWindow+=0 
[2019-12-07 19:44:57] [SEVERE ] BAD WINDOW: Window Nr-31: windowStats.runTimeWindow+=0 
[2019-12-07 19:44:57] [SEVERE ] BAD WINDOW: Window Nr-32: windowStats.runTimeWindow+=0 
[2019-12-07 19:44:57] [SEVERE ] BAD WINDOW: Window Nr-33: windowStats.runTimeWindow+=0 
[2019-12-07 19:44:57] [SEVERE ] BAD WINDOW: Window Nr-34: windowStats.runTimeWindow+=0 
[2019-12-07 19:44:57] [SEVERE ] BAD WINDOW: Window Nr-35: windowStats.runTimeWindow+=0 
[2019-12-07 19:44:57] [SEVERE ] BAD WINDOW: Window Nr-36: windowStats.runTimeWindow+=0 
[2019-12-07 19:44:57] [SEVERE ] BAD WINDOW: Window Nr-37: windowStats.runTimeWindow+=0 
[2019-12-07 19:44:57] [SEVERE ] BAD WINDOW: Window Nr-38: windowStats.runTimeWindow+=0 
[2019-12-07 19:44:57] [SEVERE ] BAD WINDOW: Window Nr-39: windowStats.runTimeWindow+=0 
[2019-12-07 19:44:57] [SEVERE ] BAD WINDOW: Window Nr-40: windowStats.runTimeWindow+=0 
[2019-12-07 19:44:57] [SEVERE ] BAD WINDOW: Window Nr-41: windowStats.runTimeWindow+=0 
[2019-12-07 19:44:57] [SEVERE ] BAD WINDOW: Window Nr-42: windowStats.runTimeWindow+=0 
[2019-12-07 19:44:57] [SEVERE ] BAD WINDOW: Window Nr-43: windowStats.runTimeWindow+=0 
[2019-12-07 19:44:57] [SEVERE ] BAD WINDOW: Window Nr-44: windowStats.runTimeWindow+=0 
[2019-12-07 19:44:57] [SEVERE ] BAD WINDOW: Window Nr-45: windowStats.runTimeWindow+=0 
[2019-12-07 19:44:57] [SEVERE ] BAD WINDOW: Window Nr-46: windowStats.runTimeWindow+=0 
[2019-12-07 19:44:57] [SEVERE ] BAD WINDOW: Window Nr-47: windowStats.runTimeWindow+=0 
[2019-12-07 19:44:57] [SEVERE ] BAD WINDOW: Window Nr-48: windowStats.runTimeWindow+=0 
[2019-12-07 19:44:57] [SEVERE ] BAD WINDOW: Window Nr-49: windowStats.runTimeWindow+=0 
[2019-12-07 19:44:57] [SEVERE ] BAD WINDOW: Window Nr-50: windowStats.runTimeWindow+=0 
[2019-12-07 19:44:57] [SEVERE ] BAD WINDOW: Window Nr-51: windowStats.runTimeWindow+=0 
[2019-12-07 19:44:57] [SEVERE ] BAD WINDOW: Window Nr-52: windowStats.runTimeWindow+=0 
[2019-12-07 19:44:57] [SEVERE ] BAD WINDOW: Window Nr-53: windowStats.runTimeWindow+=0 
[2019-12-07 19:44:57] [SEVERE ] BAD WINDOW: Window Nr-54: windowStats.runTimeWindow+=0 
[2019-12-07 19:44:57] [SEVERE ] BAD WINDOW: Window Nr-55: windowStats.runTimeWindow+=0 
[2019-12-07 19:44:57] [SEVERE ] BAD WINDOW: Window Nr-56: windowStats.runTimeWindow+=0 
[2019-12-07 19:44:57] [SEVERE ] BAD WINDOW: Window Nr-57: windowStats.runTimeWindow+=0 
[2019-12-07 19:44:57] [SEVERE ] BAD WINDOW: Window Nr-58: windowStats.runTimeWindow+=0 
[2019-12-07 19:44:57] [SEVERE ] BAD WINDOW: Window Nr-59: windowStats.runTimeWindow+=0 
[2019-12-07 19:44:57] [SEVERE ] BAD WINDOW: Window Nr-60: windowStats.runTimeWindow+=0 
[2019-12-07 19:44:57] [SEVERE ] BAD WINDOW: Window Nr-61: windowStats.runTimeWindow+=0 
[2019-12-07 19:44:57] [SEVERE ] BAD WINDOW: Window Nr-62: windowStats.runTimeWindow+=0 
[2019-12-07 19:44:57] [SEVERE ] BAD WINDOW: Window Nr-63: windowStats.runTimeWindow+=0 
[2019-12-07 19:44:57] [SEVERE ] BAD WINDOW: Window Nr-64: windowStats.runTimeWindow+=0 
[2019-12-07 19:44:57] [SEVERE ] BAD WINDOW: Window Nr-65: windowStats.runTimeWindow+=0 
[2019-12-07 19:44:57] [SEVERE ] BAD WINDOW: Window Nr-66: windowStats.runTimeWindow+=0 
[2019-12-07 19:44:57] [SEVERE ] BAD WINDOW: Window Nr-67: windowStats.runTimeWindow+=0 
[2019-12-07 19:44:57] [SEVERE ] BAD WINDOW: Window Nr-68: windowStats.runTimeWindow+=0 
[2019-12-07 19:44:57] [SEVERE ] BAD WINDOW: Window Nr-69: windowStats.runTimeWindow+=0 
[2019-12-07 19:44:57] [SEVERE ] BAD WINDOW: Window Nr-70: windowStats.runTimeWindow+=0 
[2019-12-07 19:44:57] [SEVERE ] BAD WINDOW: Window Nr-71: windowStats.runTimeWindow+=0 
[2019-12-07 19:44:57] [SEVERE ] BAD WINDOW: Window Nr-72: windowStats.runTimeWindow+=0 
[2019-12-07 19:44:57] [SEVERE ] BAD WINDOW: Window Nr-73: windowStats.runTimeWindow+=0 
[2019-12-07 19:44:57] [SEVERE ] BAD WINDOW: Window Nr-74: windowStats.runTimeWindow+=0 
[2019-12-07 19:44:57] [SEVERE ] BAD WINDOW: Window Nr-75: windowStats.runTimeWindow+=0 
[2019-12-07 19:44:57] [SEVERE ] BAD WINDOW: Window Nr-76: windowStats.runTimeWindow+=0 
[2019-12-07 19:44:57] [SEVERE ] BAD WINDOW: Window Nr-77: windowStats.runTimeWindow+=0 
[2019-12-07 19:44:57] [SEVERE ] BAD WINDOW: Window Nr-78: windowStats.runTimeWindow+=0 
[2019-12-07 19:44:57] [SEVERE ] BAD WINDOW: Window Nr-79: windowStats.runTimeWindow+=0 
**********MyMiddlewareStatisticsPerWindow.finalStats()**********
ERROR: Exception while creating finalStats... probably because you didn't collected any data (divison by 0)
ACHTUNG sind in file finalStats
****************************************************************
***************************************************************************************************
Statistic creation for 1 windows took 5ms
