This is pdfTeX, Version 3.14159265-2.6-1.40.18 (TeX Live 2017/Debian) (preloaded format=pdflatex 2019.11.10)  14 DEC 2019 23:43
entering extended mode
 restricted \write18 enabled.
 %&-line parsing enabled.
**/home/fimeier/asl-fall19-project/dataSource/azure_5_12_complete/experiments/b
aseline32/Baseline32ValueSize_WorkerThreads_8_Middleware.tex

(/home/fimeier/asl-fall19-project/dataSource/azure_5_12_complete/experiments/ba
seline32/Baseline32ValueSize_WorkerThreads_8_Middleware.tex
LaTeX2e <2017-04-15>
Babel <3.18> and hyphenation patterns for 84 language(s) loaded.
(/usr/share/texlive/texmf-dist/tex/latex/base/article.cls
Document Class: article 2014/09/29 v1.4h Standard LaTeX document class
(/usr/share/texlive/texmf-dist/tex/latex/base/size11.clo
File: size11.clo 2014/09/29 v1.4h Standard LaTeX file (size option)
)
\c@part=\count79
\c@section=\count80
\c@subsection=\count81
\c@subsubsection=\count82
\c@paragraph=\count83
\c@subparagraph=\count84
\c@figure=\count85
\c@table=\count86
\abovecaptionskip=\skip41
\belowcaptionskip=\skip42
\bibindent=\dimen102
)
(/usr/share/texlive/texmf-dist/tex/latex/preprint/fullpage.sty
Package: fullpage 1999/02/23 1.1 (PWD)
\FP@margin=\skip43
)
(/usr/share/texlive/texmf-dist/tex/latex/hyperref/hyperref.sty
Package: hyperref 2018/02/06 v6.86b Hypertext links for LaTeX

(/usr/share/texlive/texmf-dist/tex/generic/oberdiek/hobsub-hyperref.sty
Package: hobsub-hyperref 2016/05/16 v1.14 Bundle oberdiek, subset hyperref (HO)


(/usr/share/texlive/texmf-dist/tex/generic/oberdiek/hobsub-generic.sty
Package: hobsub-generic 2016/05/16 v1.14 Bundle oberdiek, subset generic (HO)
Package: hobsub 2016/05/16 v1.14 Construct package bundles (HO)
Package: infwarerr 2016/05/16 v1.4 Providing info/warning/error messages (HO)
Package: ltxcmds 2016/05/16 v1.23 LaTeX kernel commands for general use (HO)
Package: ifluatex 2016/05/16 v1.4 Provides the ifluatex switch (HO)
Package ifluatex Info: LuaTeX not detected.
Package: ifvtex 2016/05/16 v1.6 Detect VTeX and its facilities (HO)
Package ifvtex Info: VTeX not detected.
Package: intcalc 2016/05/16 v1.2 Expandable calculations with integers (HO)
Package: ifpdf 2017/03/15 v3.2 Provides the ifpdf switch
Package: etexcmds 2016/05/16 v1.6 Avoid name clashes with e-TeX commands (HO)
Package etexcmds Info: Could not find \expanded.
(etexcmds)             That can mean that you are not using pdfTeX 1.50 or
(etexcmds)             that some package has redefined \expanded.
(etexcmds)             In the latter case, load this package earlier.
Package: kvsetkeys 2016/05/16 v1.17 Key value parser (HO)
Package: kvdefinekeys 2016/05/16 v1.4 Define keys (HO)
Package: pdftexcmds 2018/01/21 v0.26 Utility functions of pdfTeX for LuaTeX (HO
)
Package pdftexcmds Info: LuaTeX not detected.
Package pdftexcmds Info: \pdf@primitive is available.
Package pdftexcmds Info: \pdf@ifprimitive is available.
Package pdftexcmds Info: \pdfdraftmode found.
Package: pdfescape 2016/05/16 v1.14 Implements pdfTeX's escape features (HO)
Package: bigintcalc 2016/05/16 v1.4 Expandable calculations on big integers (HO
)
Package: bitset 2016/05/16 v1.2 Handle bit-vector datatype (HO)
Package: uniquecounter 2016/05/16 v1.3 Provide unlimited unique counter (HO)
)
Package hobsub Info: Skipping package `hobsub' (already loaded).
Package: letltxmacro 2016/05/16 v1.5 Let assignment for LaTeX macros (HO)
Package: hopatch 2016/05/16 v1.3 Wrapper for package hooks (HO)
Package: xcolor-patch 2016/05/16 xcolor patch
Package: atveryend 2016/05/16 v1.9 Hooks at the very end of document (HO)
Package atveryend Info: \enddocument detected (standard20110627).
Package: atbegshi 2016/06/09 v1.18 At begin shipout hook (HO)
Package: refcount 2016/05/16 v3.5 Data extraction from label references (HO)
Package: hycolor 2016/05/16 v1.8 Color options for hyperref/bookmark (HO)
)
(/usr/share/texlive/texmf-dist/tex/latex/graphics/keyval.sty
Package: keyval 2014/10/28 v1.15 key=value parser (DPC)
\KV@toks@=\toks14
)
(/usr/share/texlive/texmf-dist/tex/generic/ifxetex/ifxetex.sty
Package: ifxetex 2010/09/12 v0.6 Provides ifxetex conditional
)
(/usr/share/texlive/texmf-dist/tex/latex/oberdiek/auxhook.sty
Package: auxhook 2016/05/16 v1.4 Hooks for auxiliary files (HO)
)
(/usr/share/texlive/texmf-dist/tex/latex/oberdiek/kvoptions.sty
Package: kvoptions 2016/05/16 v3.12 Key value format for package options (HO)
)
\@linkdim=\dimen103
\Hy@linkcounter=\count87
\Hy@pagecounter=\count88

(/usr/share/texlive/texmf-dist/tex/latex/hyperref/pd1enc.def
File: pd1enc.def 2018/02/06 v6.86b Hyperref: PDFDocEncoding definition (HO)
)
\Hy@SavedSpaceFactor=\count89

(/usr/share/texlive/texmf-dist/tex/latex/latexconfig/hyperref.cfg
File: hyperref.cfg 2002/06/06 v1.2 hyperref configuration of TeXLive
)
Package hyperref Info: Hyper figures OFF on input line 4509.
Package hyperref Info: Link nesting OFF on input line 4514.
Package hyperref Info: Hyper index ON on input line 4517.
Package hyperref Info: Plain pages OFF on input line 4524.
Package hyperref Info: Backreferencing OFF on input line 4529.
Package hyperref Info: Implicit mode ON; LaTeX internals redefined.
Package hyperref Info: Bookmarks ON on input line 4762.
\c@Hy@tempcnt=\count90

(/usr/share/texlive/texmf-dist/tex/latex/url/url.sty
\Urlmuskip=\muskip10
Package: url 2013/09/16  ver 3.4  Verb mode for urls, etc.
)
LaTeX Info: Redefining \url on input line 5115.
\XeTeXLinkMargin=\dimen104
\Fld@menulength=\count91
\Field@Width=\dimen105
\Fld@charsize=\dimen106
Package hyperref Info: Hyper figures OFF on input line 6369.
Package hyperref Info: Link nesting OFF on input line 6374.
Package hyperref Info: Hyper index ON on input line 6377.
Package hyperref Info: backreferencing OFF on input line 6384.
Package hyperref Info: Link coloring OFF on input line 6389.
Package hyperref Info: Link coloring with OCG OFF on input line 6394.
Package hyperref Info: PDF/A mode OFF on input line 6399.
LaTeX Info: Redefining \ref on input line 6439.
LaTeX Info: Redefining \pageref on input line 6443.
\Hy@abspage=\count92
\c@Item=\count93
\c@Hfootnote=\count94
)
Package hyperref Info: Driver (autodetected): hpdftex.

(/usr/share/texlive/texmf-dist/tex/latex/hyperref/hpdftex.def
File: hpdftex.def 2018/02/06 v6.86b Hyperref driver for pdfTeX
\Fld@listcount=\count95
\c@bookmark@seq@number=\count96

(/usr/share/texlive/texmf-dist/tex/latex/oberdiek/rerunfilecheck.sty
Package: rerunfilecheck 2016/05/16 v1.8 Rerun checks for auxiliary files (HO)
Package uniquecounter Info: New unique counter `rerunfilecheck' on input line 2
82.
)
\Hy@SectionHShift=\skip44
)
(/usr/share/texlive/texmf-dist/tex/latex/graphics/graphicx.sty
Package: graphicx 2017/06/01 v1.1a Enhanced LaTeX Graphics (DPC,SPQR)

(/usr/share/texlive/texmf-dist/tex/latex/graphics/graphics.sty
Package: graphics 2017/06/25 v1.2c Standard LaTeX Graphics (DPC,SPQR)

(/usr/share/texlive/texmf-dist/tex/latex/graphics/trig.sty
Package: trig 2016/01/03 v1.10 sin cos tan (DPC)
)
(/usr/share/texlive/texmf-dist/tex/latex/graphics-cfg/graphics.cfg
File: graphics.cfg 2016/06/04 v1.11 sample graphics configuration
)
Package graphics Info: Driver file: pdftex.def on input line 99.

(/usr/share/texlive/texmf-dist/tex/latex/graphics-def/pdftex.def
File: pdftex.def 2018/01/08 v1.0l Graphics/color driver for pdftex
))
\Gin@req@height=\dimen107
\Gin@req@width=\dimen108
)
(/usr/share/texlive/texmf-dist/tex/latex/caption/caption.sty
Package: caption 2016/02/21 v3.3-144 Customizing captions (AR)

(/usr/share/texlive/texmf-dist/tex/latex/caption/caption3.sty
Package: caption3 2016/05/22 v1.7-166 caption3 kernel (AR)
Package caption3 Info: TeX engine: e-TeX on input line 67.
\captionmargin=\dimen109
\captionmargin@=\dimen110
\captionwidth=\dimen111
\caption@tempdima=\dimen112
\caption@indent=\dimen113
\caption@parindent=\dimen114
\caption@hangindent=\dimen115
)
\c@ContinuedFloat=\count97
Package caption Info: hyperref package is loaded.
)
(/usr/share/texlive/texmf-dist/tex/latex/caption/subcaption.sty
Package: subcaption 2016/05/22 v1.1-161 Sub-captions (AR)
\c@subfigure=\count98
\c@subtable=\count99
)
(/usr/share/texlive/texmf-dist/tex/latex/fancyhdr/fancyhdr.sty
Package: fancyhdr 2017/06/30 v3.9a Extensive control of page headers and footer
s
\f@nch@headwidth=\skip45
\f@nch@O@elh=\skip46
\f@nch@O@erh=\skip47
\f@nch@O@olh=\skip48
\f@nch@O@orh=\skip49
\f@nch@O@elf=\skip50
\f@nch@O@erf=\skip51
\f@nch@O@olf=\skip52
\f@nch@O@orf=\skip53
)
(/usr/share/texlive/texmf-dist/tex/latex/todonotes/todonotes.sty
Package: todonotes 2015/07/09 .dtx Todonotes source and documentation.
Package: todonotes 2012/07/25

(/usr/share/texlive/texmf-dist/tex/latex/base/ifthen.sty
Package: ifthen 2014/09/29 v1.1c Standard LaTeX ifthen package (DPC)
)
(/usr/share/texlive/texmf-dist/tex/latex/xkeyval/xkeyval.sty
Package: xkeyval 2014/12/03 v2.7a package option processing (HA)

(/usr/share/texlive/texmf-dist/tex/generic/xkeyval/xkeyval.tex
(/usr/share/texlive/texmf-dist/tex/generic/xkeyval/xkvutils.tex
\XKV@toks=\toks15
\XKV@tempa@toks=\toks16
)
\XKV@depth=\count100
File: xkeyval.tex 2014/12/03 v2.7a key=value parser (HA)
))
(/usr/share/texlive/texmf-dist/tex/latex/xcolor/xcolor.sty
Package: xcolor 2016/05/11 v2.12 LaTeX color extensions (UK)

(/usr/share/texlive/texmf-dist/tex/latex/graphics-cfg/color.cfg
File: color.cfg 2016/01/02 v1.6 sample color configuration
)
Package xcolor Info: Driver file: pdftex.def on input line 225.
Package xcolor Info: Model `cmy' substituted by `cmy0' on input line 1348.
Package xcolor Info: Model `hsb' substituted by `rgb' on input line 1352.
Package xcolor Info: Model `RGB' extended on input line 1364.
Package xcolor Info: Model `HTML' substituted by `rgb' on input line 1366.
Package xcolor Info: Model `Hsb' substituted by `hsb' on input line 1367.
Package xcolor Info: Model `tHsb' substituted by `hsb' on input line 1368.
Package xcolor Info: Model `HSB' substituted by `hsb' on input line 1369.
Package xcolor Info: Model `Gray' substituted by `gray' on input line 1370.
Package xcolor Info: Model `wave' substituted by `hsb' on input line 1371.
)
(/usr/share/texlive/texmf-dist/tex/latex/pgf/frontendlayer/tikz.sty
(/usr/share/texlive/texmf-dist/tex/latex/pgf/basiclayer/pgf.sty
(/usr/share/texlive/texmf-dist/tex/latex/pgf/utilities/pgfrcs.sty
(/usr/share/texlive/texmf-dist/tex/generic/pgf/utilities/pgfutil-common.tex
\pgfutil@everybye=\toks17
\pgfutil@tempdima=\dimen116
\pgfutil@tempdimb=\dimen117

(/usr/share/texlive/texmf-dist/tex/generic/pgf/utilities/pgfutil-common-lists.t
ex)) (/usr/share/texlive/texmf-dist/tex/generic/pgf/utilities/pgfutil-latex.def
\pgfutil@abb=\box26
(/usr/share/texlive/texmf-dist/tex/latex/ms/everyshi.sty
Package: everyshi 2001/05/15 v3.00 EveryShipout Package (MS)
))
(/usr/share/texlive/texmf-dist/tex/generic/pgf/utilities/pgfrcs.code.tex
Package: pgfrcs 2015/08/07 v3.0.1a (rcs-revision 1.31)
))
Package: pgf 2015/08/07 v3.0.1a (rcs-revision 1.15)

(/usr/share/texlive/texmf-dist/tex/latex/pgf/basiclayer/pgfcore.sty
(/usr/share/texlive/texmf-dist/tex/latex/pgf/systemlayer/pgfsys.sty
(/usr/share/texlive/texmf-dist/tex/generic/pgf/systemlayer/pgfsys.code.tex
Package: pgfsys 2014/07/09 v3.0.1a (rcs-revision 1.48)

(/usr/share/texlive/texmf-dist/tex/generic/pgf/utilities/pgfkeys.code.tex
\pgfkeys@pathtoks=\toks18
\pgfkeys@temptoks=\toks19

(/usr/share/texlive/texmf-dist/tex/generic/pgf/utilities/pgfkeysfiltered.code.t
ex
\pgfkeys@tmptoks=\toks20
))
\pgf@x=\dimen118
\pgf@y=\dimen119
\pgf@xa=\dimen120
\pgf@ya=\dimen121
\pgf@xb=\dimen122
\pgf@yb=\dimen123
\pgf@xc=\dimen124
\pgf@yc=\dimen125
\w@pgf@writea=\write3
\r@pgf@reada=\read1
\c@pgf@counta=\count101
\c@pgf@countb=\count102
\c@pgf@countc=\count103
\c@pgf@countd=\count104
\t@pgf@toka=\toks21
\t@pgf@tokb=\toks22
\t@pgf@tokc=\toks23
 (/usr/share/texlive/texmf-dist/tex/generic/pgf/systemlayer/pgf.cfg
File: pgf.cfg 2008/05/14  (rcs-revision 1.7)
)
Driver file for pgf: pgfsys-pdftex.def

(/usr/share/texlive/texmf-dist/tex/generic/pgf/systemlayer/pgfsys-pdftex.def
File: pgfsys-pdftex.def 2014/10/11  (rcs-revision 1.35)

(/usr/share/texlive/texmf-dist/tex/generic/pgf/systemlayer/pgfsys-common-pdf.de
f
File: pgfsys-common-pdf.def 2013/10/10  (rcs-revision 1.13)
)))
(/usr/share/texlive/texmf-dist/tex/generic/pgf/systemlayer/pgfsyssoftpath.code.
tex
File: pgfsyssoftpath.code.tex 2013/09/09  (rcs-revision 1.9)
\pgfsyssoftpath@smallbuffer@items=\count105
\pgfsyssoftpath@bigbuffer@items=\count106
)
(/usr/share/texlive/texmf-dist/tex/generic/pgf/systemlayer/pgfsysprotocol.code.
tex
File: pgfsysprotocol.code.tex 2006/10/16  (rcs-revision 1.4)
))
(/usr/share/texlive/texmf-dist/tex/generic/pgf/basiclayer/pgfcore.code.tex
Package: pgfcore 2010/04/11 v3.0.1a (rcs-revision 1.7)

(/usr/share/texlive/texmf-dist/tex/generic/pgf/math/pgfmath.code.tex
(/usr/share/texlive/texmf-dist/tex/generic/pgf/math/pgfmathcalc.code.tex
(/usr/share/texlive/texmf-dist/tex/generic/pgf/math/pgfmathutil.code.tex)
(/usr/share/texlive/texmf-dist/tex/generic/pgf/math/pgfmathparser.code.tex
\pgfmath@dimen=\dimen126
\pgfmath@count=\count107
\pgfmath@box=\box27
\pgfmath@toks=\toks24
\pgfmath@stack@operand=\toks25
\pgfmath@stack@operation=\toks26
)
(/usr/share/texlive/texmf-dist/tex/generic/pgf/math/pgfmathfunctions.code.tex
(/usr/share/texlive/texmf-dist/tex/generic/pgf/math/pgfmathfunctions.basic.code
.tex)
(/usr/share/texlive/texmf-dist/tex/generic/pgf/math/pgfmathfunctions.trigonomet
ric.code.tex)
(/usr/share/texlive/texmf-dist/tex/generic/pgf/math/pgfmathfunctions.random.cod
e.tex)
(/usr/share/texlive/texmf-dist/tex/generic/pgf/math/pgfmathfunctions.comparison
.code.tex)
(/usr/share/texlive/texmf-dist/tex/generic/pgf/math/pgfmathfunctions.base.code.
tex)
(/usr/share/texlive/texmf-dist/tex/generic/pgf/math/pgfmathfunctions.round.code
.tex)
(/usr/share/texlive/texmf-dist/tex/generic/pgf/math/pgfmathfunctions.misc.code.
tex)
(/usr/share/texlive/texmf-dist/tex/generic/pgf/math/pgfmathfunctions.integerari
thmetics.code.tex)))
(/usr/share/texlive/texmf-dist/tex/generic/pgf/math/pgfmathfloat.code.tex
\c@pgfmathroundto@lastzeros=\count108
))
(/usr/share/texlive/texmf-dist/tex/generic/pgf/basiclayer/pgfcorepoints.code.te
x
File: pgfcorepoints.code.tex 2013/10/07  (rcs-revision 1.27)
\pgf@picminx=\dimen127
\pgf@picmaxx=\dimen128
\pgf@picminy=\dimen129
\pgf@picmaxy=\dimen130
\pgf@pathminx=\dimen131
\pgf@pathmaxx=\dimen132
\pgf@pathminy=\dimen133
\pgf@pathmaxy=\dimen134
\pgf@xx=\dimen135
\pgf@xy=\dimen136
\pgf@yx=\dimen137
\pgf@yy=\dimen138
\pgf@zx=\dimen139
\pgf@zy=\dimen140
)
(/usr/share/texlive/texmf-dist/tex/generic/pgf/basiclayer/pgfcorepathconstruct.
code.tex
File: pgfcorepathconstruct.code.tex 2013/10/07  (rcs-revision 1.29)
\pgf@path@lastx=\dimen141
\pgf@path@lasty=\dimen142
)
(/usr/share/texlive/texmf-dist/tex/generic/pgf/basiclayer/pgfcorepathusage.code
.tex
File: pgfcorepathusage.code.tex 2014/11/02  (rcs-revision 1.24)
\pgf@shorten@end@additional=\dimen143
\pgf@shorten@start@additional=\dimen144
)
(/usr/share/texlive/texmf-dist/tex/generic/pgf/basiclayer/pgfcorescopes.code.te
x
File: pgfcorescopes.code.tex 2015/05/08  (rcs-revision 1.46)
\pgfpic=\box28
\pgf@hbox=\box29
\pgf@layerbox@main=\box30
\pgf@picture@serial@count=\count109
)
(/usr/share/texlive/texmf-dist/tex/generic/pgf/basiclayer/pgfcoregraphicstate.c
ode.tex
File: pgfcoregraphicstate.code.tex 2014/11/02  (rcs-revision 1.12)
\pgflinewidth=\dimen145
)
(/usr/share/texlive/texmf-dist/tex/generic/pgf/basiclayer/pgfcoretransformation
s.code.tex
File: pgfcoretransformations.code.tex 2015/08/07  (rcs-revision 1.20)
\pgf@pt@x=\dimen146
\pgf@pt@y=\dimen147
\pgf@pt@temp=\dimen148
)
(/usr/share/texlive/texmf-dist/tex/generic/pgf/basiclayer/pgfcorequick.code.tex
File: pgfcorequick.code.tex 2008/10/09  (rcs-revision 1.3)
)
(/usr/share/texlive/texmf-dist/tex/generic/pgf/basiclayer/pgfcoreobjects.code.t
ex
File: pgfcoreobjects.code.tex 2006/10/11  (rcs-revision 1.2)
)
(/usr/share/texlive/texmf-dist/tex/generic/pgf/basiclayer/pgfcorepathprocessing
.code.tex
File: pgfcorepathprocessing.code.tex 2013/09/09  (rcs-revision 1.9)
)
(/usr/share/texlive/texmf-dist/tex/generic/pgf/basiclayer/pgfcorearrows.code.te
x
File: pgfcorearrows.code.tex 2015/05/14  (rcs-revision 1.43)
\pgfarrowsep=\dimen149
)
(/usr/share/texlive/texmf-dist/tex/generic/pgf/basiclayer/pgfcoreshade.code.tex
File: pgfcoreshade.code.tex 2013/07/15  (rcs-revision 1.15)
\pgf@max=\dimen150
\pgf@sys@shading@range@num=\count110
)
(/usr/share/texlive/texmf-dist/tex/generic/pgf/basiclayer/pgfcoreimage.code.tex
File: pgfcoreimage.code.tex 2013/07/15  (rcs-revision 1.18)

(/usr/share/texlive/texmf-dist/tex/generic/pgf/basiclayer/pgfcoreexternal.code.
tex
File: pgfcoreexternal.code.tex 2014/07/09  (rcs-revision 1.21)
\pgfexternal@startupbox=\box31
))
(/usr/share/texlive/texmf-dist/tex/generic/pgf/basiclayer/pgfcorelayers.code.te
x
File: pgfcorelayers.code.tex 2013/07/18  (rcs-revision 1.7)
)
(/usr/share/texlive/texmf-dist/tex/generic/pgf/basiclayer/pgfcoretransparency.c
ode.tex
File: pgfcoretransparency.code.tex 2013/09/30  (rcs-revision 1.5)
)
(/usr/share/texlive/texmf-dist/tex/generic/pgf/basiclayer/pgfcorepatterns.code.
tex
File: pgfcorepatterns.code.tex 2013/11/07  (rcs-revision 1.5)
)))
(/usr/share/texlive/texmf-dist/tex/generic/pgf/modules/pgfmoduleshapes.code.tex
File: pgfmoduleshapes.code.tex 2014/03/21  (rcs-revision 1.35)
\pgfnodeparttextbox=\box32
) (/usr/share/texlive/texmf-dist/tex/generic/pgf/modules/pgfmoduleplot.code.tex
File: pgfmoduleplot.code.tex 2015/08/03  (rcs-revision 1.13)
)
(/usr/share/texlive/texmf-dist/tex/latex/pgf/compatibility/pgfcomp-version-0-65
.sty
Package: pgfcomp-version-0-65 2007/07/03 v3.0.1a (rcs-revision 1.7)
\pgf@nodesepstart=\dimen151
\pgf@nodesepend=\dimen152
)
(/usr/share/texlive/texmf-dist/tex/latex/pgf/compatibility/pgfcomp-version-1-18
.sty
Package: pgfcomp-version-1-18 2007/07/23 v3.0.1a (rcs-revision 1.1)
)) (/usr/share/texlive/texmf-dist/tex/latex/pgf/utilities/pgffor.sty
(/usr/share/texlive/texmf-dist/tex/latex/pgf/utilities/pgfkeys.sty
(/usr/share/texlive/texmf-dist/tex/generic/pgf/utilities/pgfkeys.code.tex))
(/usr/share/texlive/texmf-dist/tex/latex/pgf/math/pgfmath.sty
(/usr/share/texlive/texmf-dist/tex/generic/pgf/math/pgfmath.code.tex))
(/usr/share/texlive/texmf-dist/tex/generic/pgf/utilities/pgffor.code.tex
Package: pgffor 2013/12/13 v3.0.1a (rcs-revision 1.25)

(/usr/share/texlive/texmf-dist/tex/generic/pgf/math/pgfmath.code.tex)
\pgffor@iter=\dimen153
\pgffor@skip=\dimen154
\pgffor@stack=\toks27
\pgffor@toks=\toks28
))
(/usr/share/texlive/texmf-dist/tex/generic/pgf/frontendlayer/tikz/tikz.code.tex
Package: tikz 2015/08/07 v3.0.1a (rcs-revision 1.151)

(/usr/share/texlive/texmf-dist/tex/generic/pgf/libraries/pgflibraryplothandlers
.code.tex
File: pgflibraryplothandlers.code.tex 2013/08/31 v3.0.1a (rcs-revision 1.20)
\pgf@plot@mark@count=\count111
\pgfplotmarksize=\dimen155
)
\tikz@lastx=\dimen156
\tikz@lasty=\dimen157
\tikz@lastxsaved=\dimen158
\tikz@lastysaved=\dimen159
\tikzleveldistance=\dimen160
\tikzsiblingdistance=\dimen161
\tikz@figbox=\box33
\tikz@figbox@bg=\box34
\tikz@tempbox=\box35
\tikz@tempbox@bg=\box36
\tikztreelevel=\count112
\tikznumberofchildren=\count113
\tikznumberofcurrentchild=\count114
\tikz@fig@count=\count115

(/usr/share/texlive/texmf-dist/tex/generic/pgf/modules/pgfmodulematrix.code.tex
File: pgfmodulematrix.code.tex 2013/09/17  (rcs-revision 1.8)
\pgfmatrixcurrentrow=\count116
\pgfmatrixcurrentcolumn=\count117
\pgf@matrix@numberofcolumns=\count118
)
\tikz@expandcount=\count119

(/usr/share/texlive/texmf-dist/tex/generic/pgf/frontendlayer/tikz/libraries/tik
zlibrarytopaths.code.tex
File: tikzlibrarytopaths.code.tex 2008/06/17 v3.0.1a (rcs-revision 1.2)
)))
(/usr/share/texlive/texmf-dist/tex/generic/pgf/frontendlayer/tikz/libraries/tik
zlibrarypositioning.code.tex
File: tikzlibrarypositioning.code.tex 2008/10/06 v3.0.1a (rcs-revision 1.7)
)
(/usr/share/texlive/texmf-dist/tex/latex/tools/calc.sty
Package: calc 2014/10/28 v4.3 Infix arithmetic (KKT,FJ)
\calc@Acount=\count120
\calc@Bcount=\count121
\calc@Adimen=\dimen162
\calc@Bdimen=\dimen163
\calc@Askip=\skip54
\calc@Bskip=\skip55
LaTeX Info: Redefining \setlength on input line 80.
LaTeX Info: Redefining \addtolength on input line 81.
\calc@Ccount=\count122
\calc@Cskip=\skip56
)
\c@@todonotes@numberoftodonotes=\count123
)
No file Baseline32ValueSize_WorkerThreads_8_Middleware.aux.
\openout1 = `Baseline32ValueSize_WorkerThreads_8_Middleware.aux'.

LaTeX Font Info:    Checking defaults for OML/cmm/m/it on input line 20.
LaTeX Font Info:    ... okay on input line 20.
LaTeX Font Info:    Checking defaults for T1/cmr/m/n on input line 20.
LaTeX Font Info:    ... okay on input line 20.
LaTeX Font Info:    Checking defaults for OT1/cmr/m/n on input line 20.
LaTeX Font Info:    ... okay on input line 20.
LaTeX Font Info:    Checking defaults for OMS/cmsy/m/n on input line 20.
LaTeX Font Info:    ... okay on input line 20.
LaTeX Font Info:    Checking defaults for OMX/cmex/m/n on input line 20.
LaTeX Font Info:    ... okay on input line 20.
LaTeX Font Info:    Checking defaults for U/cmr/m/n on input line 20.
LaTeX Font Info:    ... okay on input line 20.
LaTeX Font Info:    Checking defaults for PD1/pdf/m/n on input line 20.
LaTeX Font Info:    ... okay on input line 20.
\AtBeginShipoutBox=\box37
Package hyperref Info: Link coloring OFF on input line 20.
(/usr/share/texlive/texmf-dist/tex/latex/hyperref/nameref.sty
Package: nameref 2016/05/21 v2.44 Cross-referencing by name of section

(/usr/share/texlive/texmf-dist/tex/generic/oberdiek/gettitlestring.sty
Package: gettitlestring 2016/05/16 v1.5 Cleanup title references (HO)
)
\c@section@level=\count124
)
LaTeX Info: Redefining \ref on input line 20.
LaTeX Info: Redefining \pageref on input line 20.
LaTeX Info: Redefining \nameref on input line 20.
\@outlinefile=\write4
\openout4 = `Baseline32ValueSize_WorkerThreads_8_Middleware.out'.


(/usr/share/texlive/texmf-dist/tex/context/base/mkii/supp-pdf.mkii
[Loading MPS to PDF converter (version 2006.09.02).]
\scratchcounter=\count125
\scratchdimen=\dimen164
\scratchbox=\box38
\nofMPsegments=\count126
\nofMParguments=\count127
\everyMPshowfont=\toks29
\MPscratchCnt=\count128
\MPscratchDim=\dimen165
\MPnumerator=\count129
\makeMPintoPDFobject=\count130
\everyMPtoPDFconversion=\toks30
) (/usr/share/texlive/texmf-dist/tex/latex/oberdiek/epstopdf-base.sty
Package: epstopdf-base 2016/05/15 v2.6 Base part for package epstopdf

(/usr/share/texlive/texmf-dist/tex/latex/oberdiek/grfext.sty
Package: grfext 2016/05/16 v1.2 Manage graphics extensions (HO)
)
Package epstopdf-base Info: Redefining graphics rule for `.eps' on input line 4
38.
Package grfext Info: Graphics extension search list:
(grfext)             [.pdf,.png,.jpg,.mps,.jpeg,.jbig2,.jb2,.PDF,.PNG,.JPG,.JPE
G,.JBIG2,.JB2,.eps]
(grfext)             \AppendGraphicsExtensions on input line 456.

(/usr/share/texlive/texmf-dist/tex/latex/latexconfig/epstopdf-sys.cfg
File: epstopdf-sys.cfg 2010/07/13 v1.3 Configuration of (r)epstopdf for TeX Liv
e
))
Package caption Info: Begin \AtBeginDocument code.
Package caption Info: End \AtBeginDocument code.

ABD: EveryShipout initializing macros
</home/fimeier/asl-fall19-project/dataSource/azure_5_12_complete/experiments/ba
seline32/aggregation/Baseline32ValueSize_WorkerThreads_8_throughputGet.pdf, id=
7, 361.35pt x 216.81pt>
File: /home/fimeier/asl-fall19-project/dataSource/azure_5_12_complete/experimen
ts/baseline32/aggregation/Baseline32ValueSize_WorkerThreads_8_throughputGet.pdf
 Graphic file (type pdf)
<use /home/fimeier/asl-fall19-project/dataSource/azure_5_12_complete/experiment
s/baseline32/aggregation/Baseline32ValueSize_WorkerThreads_8_throughputGet.pdf>

Package pdftex.def Info: /home/fimeier/asl-fall19-project/dataSource/azure_5_12
_complete/experiments/baseline32/aggregation/Baseline32ValueSize_WorkerThreads_
8_throughputGet.pdf  used on input line 24.
(pdftex.def)             Requested size: 226.48395pt x 135.88966pt.
</home/fimeier/asl-fall19-project/dataSource/azure_5_12_complete/experiments/ba
seline32/aggregation/Baseline32ValueSize_WorkerThreads_8_avgMiddlewareResponseT
imeGet.pdf, id=8, 361.35pt x 216.81pt>
File: /home/fimeier/asl-fall19-project/dataSource/azure_5_12_complete/experimen
ts/baseline32/aggregation/Baseline32ValueSize_WorkerThreads_8_avgMiddlewareResp
onseTimeGet.pdf Graphic file (type pdf)
<use /home/fimeier/asl-fall19-project/dataSource/azure_5_12_complete/experiment
s/baseline32/aggregation/Baseline32ValueSize_WorkerThreads_8_avgMiddlewareRespo
nseTimeGet.pdf>
Package pdftex.def Info: /home/fimeier/asl-fall19-project/dataSource/azure_5_12
_complete/experiments/baseline32/aggregation/Baseline32ValueSize_WorkerThreads_
8_avgMiddlewareResponseTimeGet.pdf  used on input line 30.
(pdftex.def)             Requested size: 226.48395pt x 135.88966pt.

Overfull \hbox (2.43333pt too wide) in paragraph at lines 22--33
[][]  [] 
 []

</home/fimeier/asl-fall19-project/dataSource/azure_5_12_complete/experiments/ba
seline32/aggregation/Baseline32ValueSize_WorkerThreads_8_avgMemcachedResponseTi
meGet.pdf, id=9, 361.35pt x 216.81pt>
File: /home/fimeier/asl-fall19-project/dataSource/azure_5_12_complete/experimen
ts/baseline32/aggregation/Baseline32ValueSize_WorkerThreads_8_avgMemcachedRespo
nseTimeGet.pdf Graphic file (type pdf)
<use /home/fimeier/asl-fall19-project/dataSource/azure_5_12_complete/experiment
s/baseline32/aggregation/Baseline32ValueSize_WorkerThreads_8_avgMemcachedRespon
seTimeGet.pdf>
Package pdftex.def Info: /home/fimeier/asl-fall19-project/dataSource/azure_5_12
_complete/experiments/baseline32/aggregation/Baseline32ValueSize_WorkerThreads_
8_avgMemcachedResponseTimeGet.pdf  used on input line 37.
(pdftex.def)             Requested size: 226.48395pt x 135.88966pt.
</home/fimeier/asl-fall19-project/dataSource/azure_5_12_complete/experiments/ba
seline32/aggregation/Baseline32ValueSize_WorkerThreads_8_avgWorkerThreadRespons
eTimeGet.pdf, id=10, 361.35pt x 216.81pt>
File: /home/fimeier/asl-fall19-project/dataSource/azure_5_12_complete/experimen
ts/baseline32/aggregation/Baseline32ValueSize_WorkerThreads_8_avgWorkerThreadRe
sponseTimeGet.pdf Graphic file (type pdf)
<use /home/fimeier/asl-fall19-project/dataSource/azure_5_12_complete/experiment
s/baseline32/aggregation/Baseline32ValueSize_WorkerThreads_8_avgWorkerThreadRes
ponseTimeGet.pdf>
Package pdftex.def Info: /home/fimeier/asl-fall19-project/dataSource/azure_5_12
_complete/experiments/baseline32/aggregation/Baseline32ValueSize_WorkerThreads_
8_avgWorkerThreadResponseTimeGet.pdf  used on input line 43.
(pdftex.def)             Requested size: 226.48395pt x 135.88966pt.

Overfull \hbox (2.43333pt too wide) in paragraph at lines 35--46
[][]  [] 
 []

</home/fimeier/asl-fall19-project/dataSource/azure_5_12_complete/experiments/ba
seline32/aggregation/Baseline32ValueSize_WorkerThreads_8_avgQueueWaitingTime.pd
f, id=11, 361.35pt x 216.81pt>
File: /home/fimeier/asl-fall19-project/dataSource/azure_5_12_complete/experimen
ts/baseline32/aggregation/Baseline32ValueSize_WorkerThreads_8_avgQueueWaitingTi
me.pdf Graphic file (type pdf)
<use /home/fimeier/asl-fall19-project/dataSource/azure_5_12_complete/experiment
s/baseline32/aggregation/Baseline32ValueSize_WorkerThreads_8_avgQueueWaitingTim
e.pdf>
Package pdftex.def Info: /home/fimeier/asl-fall19-project/dataSource/azure_5_12
_complete/experiments/baseline32/aggregation/Baseline32ValueSize_WorkerThreads_
8_avgQueueWaitingTime.pdf  used on input line 50.
(pdftex.def)             Requested size: 226.48395pt x 135.88966pt.
</home/fimeier/asl-fall19-project/dataSource/azure_5_12_complete/experiments/ba
seline32/aggregation/Baseline32ValueSize_WorkerThreads_8_avgQueueLength.pdf, id
=12, 361.35pt x 216.81pt>
File: /home/fimeier/asl-fall19-project/dataSource/azure_5_12_complete/experimen
ts/baseline32/aggregation/Baseline32ValueSize_WorkerThreads_8_avgQueueLength.pd
f Graphic file (type pdf)
<use /home/fimeier/asl-fall19-project/dataSource/azure_5_12_complete/experiment
s/baseline32/aggregation/Baseline32ValueSize_WorkerThreads_8_avgQueueLength.pdf
>
Package pdftex.def Info: /home/fimeier/asl-fall19-project/dataSource/azure_5_12
_complete/experiments/baseline32/aggregation/Baseline32ValueSize_WorkerThreads_
8_avgQueueLength.pdf  used on input line 56.
(pdftex.def)             Requested size: 226.48395pt x 135.88966pt.

Overfull \hbox (2.43333pt too wide) in paragraph at lines 48--59
[][]  [] 
 []

</home/fimeier/asl-fall19-project/dataSource/azure_5_12_complete/experiments/ba
seline32/aggregation/Baseline32ValueSize_WorkerThreads_8_ClientThinkTime_AllCli
ents.pdf, id=13, 361.35pt x 216.81pt>
File: /home/fimeier/asl-fall19-project/dataSource/azure_5_12_complete/experimen
ts/baseline32/aggregation/Baseline32ValueSize_WorkerThreads_8_ClientThinkTime_A
llClients.pdf Graphic file (type pdf)
<use /home/fimeier/asl-fall19-project/dataSource/azure_5_12_complete/experiment
s/baseline32/aggregation/Baseline32ValueSize_WorkerThreads_8_ClientThinkTime_Al
lClients.pdf>
Package pdftex.def Info: /home/fimeier/asl-fall19-project/dataSource/azure_5_12
_complete/experiments/baseline32/aggregation/Baseline32ValueSize_WorkerThreads_
8_ClientThinkTime_AllClients.pdf  used on input line 64.
(pdftex.def)             Requested size: 226.48395pt x 135.88966pt.
! Missing $ inserted.
<inserted text> 
                $
l.65 		\caption{ClientThinkTime_AllClients}
                                           
I've inserted a begin-math/end-math symbol since I think
you left one out. Proceed, with fingers crossed.

LaTeX Font Info:    External font `cmex10' loaded for size
(Font)              <7> on input line 65.
LaTeX Font Info:    External font `cmex10' loaded for size
(Font)              <5> on input line 65.
! Missing $ inserted.
<inserted text> 
                $
l.65 		\caption{ClientThinkTime_AllClients}
                                           
I've inserted a begin-math/end-math symbol since I think
you left one out. Proceed, with fingers crossed.

! Missing $ inserted.
<inserted text> 
                $
l.65 		\caption{ClientThinkTime_AllClients}
                                           
I've inserted a begin-math/end-math symbol since I think
you left one out. Proceed, with fingers crossed.

! Missing $ inserted.
<inserted text> 
                $
l.65 		\caption{ClientThinkTime_AllClients}
                                           
I've inserted a begin-math/end-math symbol since I think
you left one out. Proceed, with fingers crossed.

</home/fimeier/asl-fall19-project/dataSource/azure_5_12_complete/experiments/ba
seline32/aggregation/Baseline32ValueSize_WorkerThreads_8_InterArrivalTime.pdf, 
id=14, 361.35pt x 216.81pt>
File: /home/fimeier/asl-fall19-project/dataSource/azure_5_12_complete/experimen
ts/baseline32/aggregation/Baseline32ValueSize_WorkerThreads_8_InterArrivalTime.
pdf Graphic file (type pdf)
<use /home/fimeier/asl-fall19-project/dataSource/azure_5_12_complete/experiment
s/baseline32/aggregation/Baseline32ValueSize_WorkerThreads_8_InterArrivalTime.p
df>
Package pdftex.def Info: /home/fimeier/asl-fall19-project/dataSource/azure_5_12
_complete/experiments/baseline32/aggregation/Baseline32ValueSize_WorkerThreads_
8_InterArrivalTime.pdf  used on input line 70.
(pdftex.def)             Requested size: 226.48395pt x 135.88966pt.

Overfull \hbox (2.43333pt too wide) in paragraph at lines 62--73
[][]  [] 
 []

</home/fimeier/asl-fall19-project/dataSource/azure_5_12_complete/experiments/ba
seline32/aggregation/Baseline32ValueSize_WorkerThreads_8_ArrivalRate.pdf, id=15
, 361.35pt x 216.81pt>
File: /home/fimeier/asl-fall19-project/dataSource/azure_5_12_complete/experimen
ts/baseline32/aggregation/Baseline32ValueSize_WorkerThreads_8_ArrivalRate.pdf G
raphic file (type pdf)
<use /home/fimeier/asl-fall19-project/dataSource/azure_5_12_complete/experiment
s/baseline32/aggregation/Baseline32ValueSize_WorkerThreads_8_ArrivalRate.pdf>
Package pdftex.def Info: /home/fimeier/asl-fall19-project/dataSource/azure_5_12
_complete/experiments/baseline32/aggregation/Baseline32ValueSize_WorkerThreads_
8_ArrivalRate.pdf  used on input line 80.
(pdftex.def)             Requested size: 226.48395pt x 135.88966pt.
Package atveryend Info: Empty hook `BeforeClearDocument' on input line 85.
! Missing $ inserted.
<inserted text> 
                $
l.85 \end{document}
                   
I've inserted a begin-math/end-math symbol since I think
you left one out. Proceed, with fingers crossed.

LaTeX Font Info:    External font `cmex10' loaded for size
(Font)              <10.95> on input line 85.
LaTeX Font Info:    External font `cmex10' loaded for size
(Font)              <8> on input line 85.
LaTeX Font Info:    External font `cmex10' loaded for size
(Font)              <6> on input line 85.
! Missing $ inserted.
<inserted text> 
                $
l.85 \end{document}
                   
I've inserted a begin-math/end-math symbol since I think
you left one out. Proceed, with fingers crossed.


Package Fancyhdr Warning: \headheight is too small (0.0pt): 
 Make it at least 13.59999pt.
 We now make it that large for the rest of the document.
 This may cause the page layout to be inconsistent, however.

[1{/var/lib/texmf/fonts/map/pdftex/updmap/pdftex.map} </home/fimeier/asl-fall19
-project/dataSource/azure_5_12_complete/experiments/baseline32/aggregation/Base
line32ValueSize_WorkerThreads_8_throughputGet.pdf> </home/fimeier/asl-fall19-pr
oject/dataSource/azure_5_12_complete/experiments/baseline32/aggregation/Baselin
e32ValueSize_WorkerThreads_8_avgMiddlewareResponseTimeGet.pdf

pdfTeX warning: /usr/bin/pdflatex (file /home/fimeier/asl-fall19-project/dataSo
urce/azure_5_12_complete/experiments/baseline32/aggregation/Baseline32ValueSize
_WorkerThreads_8_avgMiddlewareResponseTimeGet.pdf): PDF inclusion: multiple pdf
s with page group included in a single page
> </home/fimeier/asl-fall19-project/dataSource/azure_5_12_complete/experiments/
baseline32/aggregation/Baseline32ValueSize_WorkerThreads_8_avgMemcachedResponse
TimeGet.pdf

pdfTeX warning: /usr/bin/pdflatex (file /home/fimeier/asl-fall19-project/dataSo
urce/azure_5_12_complete/experiments/baseline32/aggregation/Baseline32ValueSize
_WorkerThreads_8_avgMemcachedResponseTimeGet.pdf): PDF inclusion: multiple pdfs
 with page group included in a single page
> </home/fimeier/asl-fall19-project/dataSource/azure_5_12_complete/experiments/
baseline32/aggregation/Baseline32ValueSize_WorkerThreads_8_avgWorkerThreadRespo
nseTimeGet.pdf

pdfTeX warning: /usr/bin/pdflatex (file /home/fimeier/asl-fall19-project/dataSo
urce/azure_5_12_complete/experiments/baseline32/aggregation/Baseline32ValueSize
_WorkerThreads_8_avgWorkerThreadResponseTimeGet.pdf): PDF inclusion: multiple p
dfs with page group included in a single page
> </home/fimeier/asl-fall19-project/dataSource/azure_5_12_complete/experiments/
baseline32/aggregation/Baseline32ValueSize_WorkerThreads_8_avgQueueWaitingTime.
pdf

pdfTeX warning: /usr/bin/pdflatex (file /home/fimeier/asl-fall19-project/dataSo
urce/azure_5_12_complete/experiments/baseline32/aggregation/Baseline32ValueSize
_WorkerThreads_8_avgQueueWaitingTime.pdf): PDF inclusion: multiple pdfs with pa
ge group included in a single page
> </home/fimeier/asl-fall19-project/dataSource/azure_5_12_complete/experiments/
baseline32/aggregation/Baseline32ValueSize_WorkerThreads_8_avgQueueLength.pdf

pdfTeX warning: /usr/bin/pdflatex (file /home/fimeier/asl-fall19-project/dataSo
urce/azure_5_12_complete/experiments/baseline32/aggregation/Baseline32ValueSize
_WorkerThreads_8_avgQueueLength.pdf): PDF inclusion: multiple pdfs with page gr
oup included in a single page
> </home/fimeier/asl-fall19-project/dataSource/azure_5_12_complete/experiments/
baseline32/aggregation/Baseline32ValueSize_WorkerThreads_8_ClientThinkTime_AllC
lients.pdf

pdfTeX warning: /usr/bin/pdflatex (file /home/fimeier/asl-fall19-project/dataSo
urce/azure_5_12_complete/experiments/baseline32/aggregation/Baseline32ValueSize
_WorkerThreads_8_ClientThinkTime_AllClients.pdf): PDF inclusion: multiple pdfs 
with page group included in a single page
> </home/fimeier/asl-fall19-project/dataSource/azure_5_12_complete/experiments/
baseline32/aggregation/Baseline32ValueSize_WorkerThreads_8_InterArrivalTime.pdf


pdfTeX warning: /usr/bin/pdflatex (file /home/fimeier/asl-fall19-project/dataSo
urce/azure_5_12_complete/experiments/baseline32/aggregation/Baseline32ValueSize
_WorkerThreads_8_InterArrivalTime.pdf): PDF inclusion: multiple pdfs with page 
group included in a single page
>]
! Missing $ inserted.
<inserted text> 
                $
l.85 \end{document}
                   
I've inserted a begin-math/end-math symbol since I think
you left one out. Proceed, with fingers crossed.

! Missing $ inserted.
<inserted text> 
                $
l.85 \end{document}
                   
I've inserted a begin-math/end-math symbol since I think
you left one out. Proceed, with fingers crossed.


Package Fancyhdr Warning: \headheight is too small (0.0pt): 
 Make it at least 13.59999pt.
 We now make it that large for the rest of the document.
 This may cause the page layout to be inconsistent, however.

[2 </home/fimeier/asl-fall19-project/dataSource/azure_5_12_complete/experiments
/baseline32/aggregation/Baseline32ValueSize_WorkerThreads_8_ArrivalRate.pdf>]
Package atveryend Info: Empty hook `AfterLastShipout' on input line 85.

(/home/fimeier/asl-fall19-project/dataSource/azure_5_12_complete/experiments/ge
neratedPlots/Baseline32ValueSize_WorkerThreads_8_Middleware.aux)
Package atveryend Info: Executing hook `AtVeryEndDocument' on input line 85.
Package atveryend Info: Executing hook `AtEndAfterFileList' on input line 85.
Package rerunfilecheck Info: File `Baseline32ValueSize_WorkerThreads_8_Middlewa
re.out' has not changed.
(rerunfilecheck)             Checksum: <no file>.
Package atveryend Info: Empty hook `AtVeryVeryEnd' on input line 85.
 ) 
Here is how much of TeX's memory you used:
 16659 strings out of 492982
 324609 string characters out of 6134895
 375991 words of memory out of 5000000
 19964 multiletter control sequences out of 15000+600000
 6379 words of font info for 23 fonts, out of 8000000 for 9000
 1141 hyphenation exceptions out of 8191
 62i,11n,77p,543b,595s stack positions out of 5000i,500n,10000p,200000b,80000s
</usr/share/texlive/texmf-dist/fonts/type1/public/amsfonts/cm/cmmi10.pfb></us
r/share/texlive/texmf-dist/fonts/type1/public/amsfonts/cm/cmmi7.pfb></usr/share
/texlive/texmf-dist/fonts/type1/public/amsfonts/cm/cmmi8.pfb></usr/share/texliv
e/texmf-dist/fonts/type1/public/amsfonts/cm/cmr10.pfb></usr/share/texlive/texmf
-dist/fonts/type1/public/amsfonts/cm/cmr8.pfb>
Output written on /home/fimeier/asl-fall19-project/dataSource/azure_5_12_comple
te/experiments/generatedPlots/Baseline32ValueSize_WorkerThreads_8_Middleware.pd
f (2 pages, 178263 bytes).
PDF statistics:
 115 PDF objects out of 1000 (max. 8388607)
 78 compressed objects within 1 object stream
 4 named destinations out of 1000 (max. 500000)
 58 words of extra memory for PDF output out of 10000 (max. 10000000)

